# JRE version: Java(TM) SE Runtime Environment (19.0.1+10) (build 19.0.1+10-21)
# Java VM: Java HotSpot(TM) 64-Bit Server VM (19.0.1+10-21, mixed mode, sharing, tiered, compressed oops, compressed class ptrs, g1 gc, windows-amd64)
GC Precious Log:
 CardTable entry size: 512
 Card Set container configuration: InlinePtr #cards 5 size 8 Array Of Cards #cards 12 size 40 Howl #buckets 4 coarsen threshold 1843 Howl Bitmap #cards 512 size 80 coarsen threshold 460 Card regions per heap region 1 cards per card region 2048
 CPUs: 4 total, 4 available
 Memory: 8102M
 Large Page Support: Disabled
 NUMA Support: Disabled
 Compressed Oops: Enabled (32-bit)
 Heap Region Size: 1M
 Heap Min Capacity: 8M
 Heap Initial Capacity: 128M
 Heap Max Capacity: 2026M
 Pre-touch: Disabled
 Parallel Workers: 4
 Concurrent Workers: 1
 Concurrent Refinement Workers: 4
 Periodic GC: Disabled
Heap:
 garbage-first heap   total 105472K, used 72952K [0x0000000081600000, 0x0000000100000000)
  region size 1024K, 14 young (14336K), 2 survivors (2048K)
 Metaspace       used 25000K, committed 25408K, reserved 1114112K
  class space    used 3270K, committed 3456K, reserved 1048576K
GC Heap History (14 events):
Event: 0.476 GC heap before
{Heap before GC invocations=0 (full 0):
 garbage-first heap   total 131072K, used 13312K [0x0000000081600000, 0x0000000100000000)
  region size 1024K, 13 young (13312K), 0 survivors (0K)
 Metaspace       used 2436K, committed 2560K, reserved 1114112K
  class space    used 244K, committed 320K, reserved 1048576K
}
Event: 0.480 GC heap after
{Heap after GC invocations=1 (full 0):
 garbage-first heap   total 131072K, used 3707K [0x0000000081600000, 0x0000000100000000)
  region size 1024K, 2 young (2048K), 2 survivors (2048K)
 Metaspace       used 2436K, committed 2560K, reserved 1114112K
  class space    used 244K, committed 320K, reserved 1048576K
}
Event: 0.840 GC heap before
{Heap before GC invocations=1 (full 0):
 garbage-first heap   total 131072K, used 20091K [0x0000000081600000, 0x0000000100000000)
  region size 1024K, 19 young (19456K), 2 survivors (2048K)
 Metaspace       used 7786K, committed 8064K, reserved 1114112K
  class space    used 955K, committed 1088K, reserved 1048576K
}
Event: 0.844 GC heap after
{Heap after GC invocations=2 (full 0):
 garbage-first heap   total 131072K, used 6491K [0x0000000081600000, 0x0000000100000000)
  region size 1024K, 3 young (3072K), 3 survivors (3072K)
 Metaspace       used 7786K, committed 8064K, reserved 1114112K
  class space    used 955K, committed 1088K, reserved 1048576K
}
Event: 5.439 GC heap before
{Heap before GC invocations=2 (full 0):
 garbage-first heap   total 131072K, used 88411K [0x0000000081600000, 0x0000000100000000)
  region size 1024K, 76 young (77824K), 3 survivors (3072K)
 Metaspace       used 20911K, committed 21248K, reserved 1114112K
  class space    used 2792K, committed 2944K, reserved 1048576K
}
Event: 5.451 GC heap after
{Heap after GC invocations=3 (full 0):
 garbage-first heap   total 131072K, used 23971K [0x0000000081600000, 0x0000000100000000)
  region size 1024K, 10 young (10240K), 10 survivors (10240K)
 Metaspace       used 20911K, committed 21248K, reserved 1114112K
  class space    used 2792K, committed 2944K, reserved 1048576K
}
Event: 5.744 GC heap before
{Heap before GC invocations=3 (full 0):
 garbage-first heap   total 131072K, used 38307K [0x0000000081600000, 0x0000000100000000)
  region size 1024K, 22 young (22528K), 10 survivors (10240K)
 Metaspace       used 21211K, committed 21504K, reserved 1114112K
  class space    used 2799K, committed 2944K, reserved 1048576K
}
Event: 5.753 GC heap after
{Heap after GC invocations=4 (full 0):
 garbage-first heap   total 131072K, used 26558K [0x0000000081600000, 0x0000000100000000)
  region size 1024K, 3 young (3072K), 3 survivors (3072K)
 Metaspace       used 21211K, committed 21504K, reserved 1114112K
  class space    used 2799K, committed 2944K, reserved 1048576K
}
Event: 6.967 GC heap before
{Heap before GC invocations=5 (full 0):
 garbage-first heap   total 96256K, used 95166K [0x0000000081600000, 0x0000000100000000)
  region size 1024K, 46 young (47104K), 3 survivors (3072K)
 Metaspace       used 22892K, committed 23232K, reserved 1114112K
  class space    used 2983K, committed 3136K, reserved 1048576K
}
Event: 6.979 GC heap after
{Heap after GC invocations=6 (full 0):
 garbage-first heap   total 105472K, used 57450K [0x0000000081600000, 0x0000000100000000)
  region size 1024K, 7 young (7168K), 7 survivors (7168K)
 Metaspace       used 22892K, committed 23232K, reserved 1114112K
  class space    used 2983K, committed 3136K, reserved 1048576K
}
Event: 7.082 GC heap before
{Heap before GC invocations=6 (full 0):
 garbage-first heap   total 105472K, used 59498K [0x0000000081600000, 0x0000000100000000)
  region size 1024K, 8 young (8192K), 7 survivors (7168K)
 Metaspace       used 23042K, committed 23424K, reserved 1114112K
  class space    used 2986K, committed 3136K, reserved 1048576K
}
Event: 7.089 GC heap after
{Heap after GC invocations=7 (full 0):
 garbage-first heap   total 105472K, used 58368K [0x0000000081600000, 0x0000000100000000)
  region size 1024K, 1 young (1024K), 1 survivors (1024K)
 Metaspace       used 23042K, committed 23424K, reserved 1114112K
  class space    used 2986K, committed 3136K, reserved 1048576K
}
Event: 16.882 GC heap before
{Heap before GC invocations=7 (full 0):
 garbage-first heap   total 105472K, used 62464K [0x0000000081600000, 0x0000000100000000)
  region size 1024K, 6 young (6144K), 1 survivors (1024K)
 Metaspace       used 23733K, committed 24128K, reserved 1114112K
  class space    used 3039K, committed 3200K, reserved 1048576K
}
Event: 16.885 GC heap after
{Heap after GC invocations=8 (full 0):
 garbage-first heap   total 105472K, used 58616K [0x0000000081600000, 0x0000000100000000)
  region size 1024K, 2 young (2048K), 2 survivors (2048K)
 Metaspace       used 23733K, committed 24128K, reserved 1114112K
  class space    used 3039K, committed 3200K, reserved 1048576K
}

