# JRE version: Java(TM) SE Runtime Environment (19.0.1+10) (build 19.0.1+10-21)
# Java VM: Java HotSpot(TM) 64-Bit Server VM (19.0.1+10-21, mixed mode, sharing, tiered, compressed oops, compressed class ptrs, g1 gc, windows-amd64)
GC Precious Log:
 CardTable entry size: 512
 Card Set container configuration: InlinePtr #cards 5 size 8 Array Of Cards #cards 12 size 40 Howl #buckets 4 coarsen threshold 1843 Howl Bitmap #cards 512 size 80 coarsen threshold 460 Card regions per heap region 1 cards per card region 2048
 CPUs: 4 total, 4 available
 Memory: 8102M
 Large Page Support: Disabled
 NUMA Support: Disabled
 Compressed Oops: Enabled (32-bit)
 Heap Region Size: 1M
 Heap Min Capacity: 8M
 Heap Initial Capacity: 128M
 Heap Max Capacity: 2026M
 Pre-touch: Disabled
 Parallel Workers: 4
 Concurrent Workers: 1
 Concurrent Refinement Workers: 4
 Periodic GC: Disabled
Heap:
 garbage-first heap   total 112640K, used 69324K [0x0000000081600000, 0x0000000100000000)
  region size 1024K, 2 young (2048K), 1 survivors (1024K)
 Metaspace       used 25414K, committed 25920K, reserved 1114112K
  class space    used 3278K, committed 3520K, reserved 1048576K
GC Heap History (20 events):
Event: 10.008 GC heap before
{Heap before GC invocations=2 (full 0):
 garbage-first heap   total 131072K, used 88537K [0x0000000081600000, 0x0000000100000000)
  region size 1024K, 76 young (77824K), 3 survivors (3072K)
 Metaspace       used 21104K, committed 21504K, reserved 1114112K
  class space    used 2790K, committed 2944K, reserved 1048576K
}
Event: 10.019 GC heap after
{Heap after GC invocations=3 (full 0):
 garbage-first heap   total 131072K, used 23886K [0x0000000081600000, 0x0000000100000000)
  region size 1024K, 10 young (10240K), 10 survivors (10240K)
 Metaspace       used 21104K, committed 21504K, reserved 1114112K
  class space    used 2790K, committed 2944K, reserved 1048576K
}
Event: 10.160 GC heap before
{Heap before GC invocations=3 (full 0):
 garbage-first heap   total 131072K, used 29006K [0x0000000081600000, 0x0000000100000000)
  region size 1024K, 16 young (16384K), 10 survivors (10240K)
 Metaspace       used 21184K, committed 21504K, reserved 1114112K
  class space    used 2790K, committed 2944K, reserved 1048576K
}
Event: 10.167 GC heap after
{Heap after GC invocations=4 (full 0):
 garbage-first heap   total 131072K, used 23034K [0x0000000081600000, 0x0000000100000000)
  region size 1024K, 2 young (2048K), 2 survivors (2048K)
 Metaspace       used 21184K, committed 21504K, reserved 1114112K
  class space    used 2790K, committed 2944K, reserved 1048576K
}
Event: 11.092 GC heap before
{Heap before GC invocations=5 (full 0):
 garbage-first heap   total 81920K, used 81402K [0x0000000081600000, 0x0000000100000000)
  region size 1024K, 32 young (32768K), 2 survivors (2048K)
 Metaspace       used 22021K, committed 22464K, reserved 1114112K
  class space    used 2822K, committed 3008K, reserved 1048576K
}
Event: 11.097 GC heap after
{Heap after GC invocations=6 (full 0):
 garbage-first heap   total 87040K, used 53835K [0x0000000081600000, 0x0000000100000000)
  region size 1024K, 5 young (5120K), 5 survivors (5120K)
 Metaspace       used 22021K, committed 22464K, reserved 1114112K
  class space    used 2822K, committed 3008K, reserved 1048576K
}
Event: 11.111 GC heap before
{Heap before GC invocations=6 (full 0):
 garbage-first heap   total 87040K, used 54859K [0x0000000081600000, 0x0000000100000000)
  region size 1024K, 6 young (6144K), 5 survivors (5120K)
 Metaspace       used 22132K, committed 22528K, reserved 1114112K
  class space    used 2841K, committed 3008K, reserved 1048576K
}
Event: 11.115 GC heap after
{Heap after GC invocations=7 (full 0):
 garbage-first heap   total 87040K, used 52985K [0x0000000081600000, 0x0000000100000000)
  region size 1024K, 1 young (1024K), 1 survivors (1024K)
 Metaspace       used 22132K, committed 22528K, reserved 1114112K
  class space    used 2841K, committed 3008K, reserved 1048576K
}
Event: 11.466 GC heap before
{Heap before GC invocations=7 (full 0):
 garbage-first heap   total 87040K, used 67321K [0x0000000081600000, 0x0000000100000000)
  region size 1024K, 15 young (15360K), 1 survivors (1024K)
 Metaspace       used 22868K, committed 23232K, reserved 1114112K
  class space    used 2975K, committed 3136K, reserved 1048576K
}
Event: 11.471 GC heap after
{Heap after GC invocations=8 (full 0):
 garbage-first heap   total 87040K, used 56279K [0x0000000081600000, 0x0000000100000000)
  region size 1024K, 2 young (2048K), 2 survivors (2048K)
 Metaspace       used 22868K, committed 23232K, reserved 1114112K
  class space    used 2975K, committed 3136K, reserved 1048576K
}
Event: 50.040 GC heap before
{Heap before GC invocations=9 (full 0):
 garbage-first heap   total 96256K, used 69591K [0x0000000081600000, 0x0000000100000000)
  region size 1024K, 14 young (14336K), 2 survivors (2048K)
 Metaspace       used 23596K, committed 24000K, reserved 1114112K
  class space    used 2999K, committed 3200K, reserved 1048576K
}
Event: 50.046 GC heap after
{Heap after GC invocations=10 (full 0):
 garbage-first heap   total 96256K, used 59843K [0x0000000081600000, 0x0000000100000000)
  region size 1024K, 2 young (2048K), 2 survivors (2048K)
 Metaspace       used 23596K, committed 24000K, reserved 1114112K
  class space    used 2999K, committed 3200K, reserved 1048576K
}
Event: 50.116 GC heap before
{Heap before GC invocations=10 (full 0):
 garbage-first heap   total 96256K, used 61891K [0x0000000081600000, 0x0000000100000000)
  region size 1024K, 4 young (4096K), 2 survivors (2048K)
 Metaspace       used 23626K, committed 24000K, reserved 1114112K
  class space    used 2999K, committed 3200K, reserved 1048576K
}
Event: 50.122 GC heap after
{Heap after GC invocations=11 (full 0):
 garbage-first heap   total 96256K, used 60701K [0x0000000081600000, 0x0000000100000000)
  region size 1024K, 1 young (1024K), 1 survivors (1024K)
 Metaspace       used 23626K, committed 24000K, reserved 1114112K
  class space    used 2999K, committed 3200K, reserved 1048576K
}
Event: 59.126 GC heap before
{Heap before GC invocations=11 (full 0):
 garbage-first heap   total 96256K, used 72989K [0x0000000081600000, 0x0000000100000000)
  region size 1024K, 14 young (14336K), 1 survivors (1024K)
 Metaspace       used 24138K, committed 24512K, reserved 1114112K
  class space    used 3046K, committed 3200K, reserved 1048576K
}
Event: 59.130 GC heap after
{Heap after GC invocations=12 (full 0):
 garbage-first heap   total 96256K, used 62881K [0x0000000081600000, 0x0000000100000000)
  region size 1024K, 2 young (2048K), 2 survivors (2048K)
 Metaspace       used 24138K, committed 24512K, reserved 1114112K
  class space    used 3046K, committed 3200K, reserved 1048576K
}
Event: 63.481 GC heap before
{Heap before GC invocations=13 (full 0):
 garbage-first heap   total 112640K, used 82337K [0x0000000081600000, 0x0000000100000000)
  region size 1024K, 14 young (14336K), 2 survivors (2048K)
 Metaspace       used 25130K, committed 25472K, reserved 1114112K
  class space    used 3236K, committed 3392K, reserved 1048576K
}
Event: 63.486 GC heap after
{Heap after GC invocations=14 (full 0):
 garbage-first heap   total 112640K, used 69886K [0x0000000081600000, 0x0000000100000000)
  region size 1024K, 2 young (2048K), 2 survivors (2048K)
 Metaspace       used 25130K, committed 25472K, reserved 1114112K
  class space    used 3236K, committed 3392K, reserved 1048576K
}
Event: 139.038 GC heap before
{Heap before GC invocations=14 (full 0):
 garbage-first heap   total 112640K, used 73982K [0x0000000081600000, 0x0000000100000000)
  region size 1024K, 5 young (5120K), 2 survivors (2048K)
 Metaspace       used 25385K, committed 25728K, reserved 1114112K
  class space    used 3274K, committed 3456K, reserved 1048576K
}
Event: 139.052 GC heap after
{Heap after GC invocations=15 (full 0):
 garbage-first heap   total 112640K, used 69324K [0x0000000081600000, 0x0000000100000000)
  region size 1024K, 1 young (1024K), 1 survivors (1024K)
 Metaspace       used 25385K, committed 25728K, reserved 1114112K
  class space    used 3274K, committed 3456K, reserved 1048576K
}

